<?xml version="1.0" encoding="UTF-8"?>
<!-- Generated by org.testng.reporters.JUnitXMLReporter -->
<testsuite ignored="2" hostname="HYD-JRYH7G3-L" failures="0" tests="0" time="0.003" errors="0" timestamp="05 Aug 2023 09:42:40 GMT">
  <testcase classname="rahulshettyacademy.test.ErrorValidationsTest" name="loginErrorValidation" time="0.0">
    <ignored/>
  </testcase> <!-- loginErrorValidation -->
  <testcase classname="rahulshettyacademy.test.ErrorValidationsTest" name="productErrorValidation" time="0.0">
    <ignored/>
  </testcase> <!-- productErrorValidation -->
</testsuite>
