<?xml version="1.0" encoding="UTF-8"?>
<!-- Generated by org.testng.reporters.JUnitXMLReporter -->
<testsuite ignored="0" hostname="HYD-JRYH7G3-L" failures="1" tests="1" name="Test" time="2.942" errors="0" timestamp="30 Jul 2023 15:53:11 GMT">
  <testcase classname="rahulshettyacademy.test.ErrorValidations" name="submitOrder" time="0.371">
    <failure type="java.lang.AssertionError" message="expected [Incorrect email or password.] but found [Incorrect email or password]">
      <![CDATA[java.lang.AssertionError: expected [Incorrect email or password.] but found [Incorrect email or password]
at rahulshettyacademy.test.ErrorValidations.submitOrder(ErrorValidations.java:21)
... Removed 31 stack frames]]>
    </failure>
  </testcase> <!-- submitOrder -->
</testsuite> <!-- Test -->
