<?xml version="1.0" encoding="UTF-8"?>
<!-- Generated by org.testng.reporters.JUnitXMLReporter -->
<testsuite hostname="HYD-JRYH7G3-L" ignored="2" tests="0" failures="0" timestamp="05 Aug 2023 14:49:01 GMT" time="0.002" errors="0">
  <testcase name="loginErrorValidation" time="0.0" classname="rahulshettyacademy.test.ErrorValidationsTest">
    <ignored/>
  </testcase> <!-- loginErrorValidation -->
  <testcase name="productErrorValidation" time="0.0" classname="rahulshettyacademy.test.ErrorValidationsTest">
    <ignored/>
  </testcase> <!-- productErrorValidation -->
</testsuite>
