<?xml version="1.0" encoding="UTF-8"?>
<!-- Generated by org.testng.reporters.JUnitXMLReporter -->
<testsuite hostname="HYD-JRYH7G3-L" ignored="1" name="Submit Order Test" tests="2" failures="0" timestamp="05 Aug 2023 14:49:47 GMT" time="46.596" errors="0">
  <testcase name="submitOrder" time="19.123" classname="rahulshettyacademy.test.SubmitOrderTest"/>
  <testcase name="submitOrder" time="19.045" classname="rahulshettyacademy.test.SubmitOrderTest"/>
  <testcase name="orderHistoryTest" time="0.0" classname="rahulshettyacademy.test.SubmitOrderTest">
    <ignored/>
  </testcase> <!-- orderHistoryTest -->
</testsuite> <!-- Submit Order Test -->
