<?xml version="1.0" encoding="UTF-8"?>
<testng-results skipped="0" failed="0" ignored="0" total="1" passed="1">
  <reporter-output>
  </reporter-output>
  <suite name="Surefire suite" duration-ms="24861" started-at="2023-08-08T01:52:01Z" finished-at="2023-08-08T01:52:26Z">
    <groups>
      <group name="cucumber">
        <method signature="AbstractTestNGCucumberTests.runScenario(io.cucumber.testng.PickleWrapper, io.cucumber.testng.FeatureWrapper)[pri:0, instance:cucumber.TestNGTestRunner@85bdee]" name="runScenario" class="io.cucumber.testng.AbstractTestNGCucumberTests"/>
      </group> <!-- cucumber -->
    </groups>
    <test name="Surefire test" duration-ms="24861" started-at="2023-08-08T01:52:01Z" finished-at="2023-08-08T01:52:26Z">
      <class name="cucumber.TestNGTestRunner">
        <test-method status="PASS" signature="setUpClass(org.testng.ITestContext)[pri:0, instance:cucumber.TestNGTestRunner@85bdee]" name="setUpClass" is-config="true" duration-ms="401" started-at="2023-08-08T01:52:01Z" finished-at="2023-08-08T01:52:01Z">
          <params>
            <param index="0">
              <value>
                <![CDATA[org.testng.TestRunner@9f5761]]>
              </value>
            </param>
          </params>
          <reporter-output>
          </reporter-output>
        </test-method> <!-- setUpClass -->
        <test-method status="PASS" signature="runScenario(io.cucumber.testng.PickleWrapper, io.cucumber.testng.FeatureWrapper)[pri:0, instance:cucumber.TestNGTestRunner@85bdee]" name="runScenario" duration-ms="24429" started-at="2023-08-08T01:52:01Z" description="Runs Cucumber Scenarios" data-provider="scenarios" finished-at="2023-08-08T01:52:26Z">
          <params>
            <param index="0">
              <value>
                <![CDATA["Positive Test of Submittng the order"]]>
              </value>
            </param>
            <param index="1">
              <value>
                <![CDATA["Purchage the order from Ecommerce website"]]>
              </value>
            </param>
          </params>
          <reporter-output>
          </reporter-output>
        </test-method> <!-- runScenario -->
        <test-method status="PASS" signature="tearDownClass()[pri:0, instance:cucumber.TestNGTestRunner@85bdee]" name="tearDownClass" is-config="true" duration-ms="21" started-at="2023-08-08T01:52:26Z" finished-at="2023-08-08T01:52:26Z">
          <reporter-output>
          </reporter-output>
        </test-method> <!-- tearDownClass -->
      </class> <!-- cucumber.TestNGTestRunner -->
    </test> <!-- Surefire test -->
  </suite> <!-- Surefire suite -->
</testng-results>
